<?xml version="1.0" encoding="UTF-8"?>
<testsuite xmlns:xsi="http://www.w3.org/2001/XMLSchema-instance" xsi:noNamespaceSchemaLocation="https://maven.apache.org/surefire/maven-surefire-plugin/xsd/surefire-test-report.xsd" name="TestSuite" time="105.47" tests="2" errors="0" skipped="0" failures="0">
  <properties>
    <property name="sun.desktop" value="windows"/>
    <property name="awt.toolkit" value="sun.awt.windows.WToolkit"/>
    <property name="java.specification.version" value="11"/>
    <property name="sun.cpu.isalist" value="amd64"/>
    <property name="sun.jnu.encoding" value="Cp1252"/>
    <property name="java.class.path" value="C:\westwing\WestWing_Test_Exercise\target\test-classes;C:\westwing\WestWing_Test_Exercise\target\classes;C:\Users\ybhatt\.m2\repository\io\appium\java-client\6.1.0\java-client-6.1.0.jar;C:\Users\ybhatt\.m2\repository\org\seleniumhq\selenium\selenium-support\3.12.0\selenium-support-3.12.0.jar;C:\Users\ybhatt\.m2\repository\org\seleniumhq\selenium\selenium-api\3.12.0\selenium-api-3.12.0.jar;C:\Users\ybhatt\.m2\repository\com\google\code\gson\gson\2.8.4\gson-2.8.4.jar;C:\Users\ybhatt\.m2\repository\org\apache\httpcomponents\httpclient\4.5.5\httpclient-4.5.5.jar;C:\Users\ybhatt\.m2\repository\cglib\cglib\3.2.6\cglib-3.2.6.jar;C:\Users\ybhatt\.m2\repository\org\ow2\asm\asm\6.0\asm-6.0.jar;C:\Users\ybhatt\.m2\repository\org\apache\ant\ant\1.9.6\ant-1.9.6.jar;C:\Users\ybhatt\.m2\repository\org\apache\ant\ant-launcher\1.9.6\ant-launcher-1.9.6.jar;C:\Users\ybhatt\.m2\repository\commons-validator\commons-validator\1.6\commons-validator-1.6.jar;C:\Users\ybhatt\.m2\repository\commons-beanutils\commons-beanutils\1.9.2\commons-beanutils-1.9.2.jar;C:\Users\ybhatt\.m2\repository\commons-digester\commons-digester\1.8.1\commons-digester-1.8.1.jar;C:\Users\ybhatt\.m2\repository\commons-collections\commons-collections\3.2.2\commons-collections-3.2.2.jar;C:\Users\ybhatt\.m2\repository\org\apache\commons\commons-lang3\3.7\commons-lang3-3.7.jar;C:\Users\ybhatt\.m2\repository\org\springframework\spring-context\5.0.5.RELEASE\spring-context-5.0.5.RELEASE.jar;C:\Users\ybhatt\.m2\repository\org\springframework\spring-aop\5.0.5.RELEASE\spring-aop-5.0.5.RELEASE.jar;C:\Users\ybhatt\.m2\repository\org\springframework\spring-beans\5.0.5.RELEASE\spring-beans-5.0.5.RELEASE.jar;C:\Users\ybhatt\.m2\repository\org\springframework\spring-core\5.0.5.RELEASE\spring-core-5.0.5.RELEASE.jar;C:\Users\ybhatt\.m2\repository\org\springframework\spring-jcl\5.0.5.RELEASE\spring-jcl-5.0.5.RELEASE.jar;C:\Users\ybhatt\.m2\repository\org\springframework\spring-expression\5.0.5.RELEASE\spring-expression-5.0.5.RELEASE.jar;C:\Users\ybhatt\.m2\repository\org\aspectj\aspectjweaver\1.9.1\aspectjweaver-1.9.1.jar;C:\Users\ybhatt\.m2\repository\org\openpnp\opencv\3.2.0-1\opencv-3.2.0-1.jar;C:\Users\ybhatt\.m2\repository\ru\yandex\qatools\ashot\ashot\1.5.4\ashot-1.5.4.jar;C:\Users\ybhatt\.m2\repository\org\hamcrest\hamcrest-core\1.3\hamcrest-core-1.3.jar;C:\Users\ybhatt\.m2\repository\org\seleniumhq\selenium\selenium-remote-driver\3.11.0\selenium-remote-driver-3.11.0.jar;C:\Users\ybhatt\.m2\repository\net\bytebuddy\byte-buddy\1.7.9\byte-buddy-1.7.9.jar;C:\Users\ybhatt\.m2\repository\org\apache\commons\commons-exec\1.3\commons-exec-1.3.jar;C:\Users\ybhatt\.m2\repository\commons-codec\commons-codec\1.10\commons-codec-1.10.jar;C:\Users\ybhatt\.m2\repository\commons-logging\commons-logging\1.2\commons-logging-1.2.jar;C:\Users\ybhatt\.m2\repository\com\google\guava\guava\23.6-jre\guava-23.6-jre.jar;C:\Users\ybhatt\.m2\repository\com\google\code\findbugs\jsr305\1.3.9\jsr305-1.3.9.jar;C:\Users\ybhatt\.m2\repository\org\checkerframework\checker-compat-qual\2.0.0\checker-compat-qual-2.0.0.jar;C:\Users\ybhatt\.m2\repository\com\google\errorprone\error_prone_annotations\2.1.3\error_prone_annotations-2.1.3.jar;C:\Users\ybhatt\.m2\repository\com\google\j2objc\j2objc-annotations\1.1\j2objc-annotations-1.1.jar;C:\Users\ybhatt\.m2\repository\org\codehaus\mojo\animal-sniffer-annotations\1.14\animal-sniffer-annotations-1.14.jar;C:\Users\ybhatt\.m2\repository\org\apache\httpcomponents\httpcore\4.4.6\httpcore-4.4.6.jar;C:\Users\ybhatt\.m2\repository\com\squareup\okhttp3\okhttp\3.9.1\okhttp-3.9.1.jar;C:\Users\ybhatt\.m2\repository\com\squareup\okio\okio\1.13.0\okio-1.13.0.jar;C:\Users\ybhatt\.m2\repository\org\seleniumhq\selenium\selenium-chrome-driver\3.11.0\selenium-chrome-driver-3.11.0.jar;C:\Users\ybhatt\.m2\repository\org\seleniumhq\selenium\selenium\2.0a5\selenium-2.0a5.jar;C:\Users\ybhatt\.m2\repository\org\seleniumhq\selenium\selenium-htmlunit-driver\2.0a5\selenium-htmlunit-driver-2.0a5.jar;C:\Users\ybhatt\.m2\repository\org\seleniumhq\selenium\selenium-common\2.0a5\selenium-common-2.0a5.jar;C:\Users\ybhatt\.m2\repository\net\sourceforge\htmlunit\htmlunit\2.7\htmlunit-2.7.jar;C:\Users\ybhatt\.m2\repository\xalan\xalan\2.7.1\xalan-2.7.1.jar;C:\Users\ybhatt\.m2\repository\xalan\serializer\2.7.1\serializer-2.7.1.jar;C:\Users\ybhatt\.m2\repository\commons-lang\commons-lang\2.4\commons-lang-2.4.jar;C:\Users\ybhatt\.m2\repository\commons-httpclient\commons-httpclient\3.1\commons-httpclient-3.1.jar;C:\Users\ybhatt\.m2\repository\net\sourceforge\htmlunit\htmlunit-core-js\2.7\htmlunit-core-js-2.7.jar;C:\Users\ybhatt\.m2\repository\xerces\xercesImpl\2.9.1\xercesImpl-2.9.1.jar;C:\Users\ybhatt\.m2\repository\net\sourceforge\nekohtml\nekohtml\1.9.14\nekohtml-1.9.14.jar;C:\Users\ybhatt\.m2\repository\net\sourceforge\cssparser\cssparser\0.9.5\cssparser-0.9.5.jar;C:\Users\ybhatt\.m2\repository\org\w3c\css\sac\1.3\sac-1.3.jar;C:\Users\ybhatt\.m2\repository\org\seleniumhq\selenium\selenium-firefox-driver\2.0a5\selenium-firefox-driver-2.0a5.jar;C:\Users\ybhatt\.m2\repository\org\seleniumhq\selenium\selenium-remote-client\2.0a5\selenium-remote-client-2.0a5.jar;C:\Users\ybhatt\.m2\repository\org\seleniumhq\selenium\selenium-remote-common\2.0a5\selenium-remote-common-2.0a5.jar;C:\Users\ybhatt\.m2\repository\org\json\json\20080701\json-20080701.jar;C:\Users\ybhatt\.m2\repository\com\google\collections\google-collections\1.0\google-collections-1.0.jar;C:\Users\ybhatt\.m2\repository\org\seleniumhq\selenium\selenium-ie-driver\2.0a5\selenium-ie-driver-2.0a5.jar;C:\Users\ybhatt\.m2\repository\net\java\dev\jna\jna\3.2.2\jna-3.2.2.jar;C:\Users\ybhatt\.m2\repository\org\seleniumhq\selenium\selenium-java\3.11.0\selenium-java-3.11.0.jar;C:\Users\ybhatt\.m2\repository\org\seleniumhq\selenium\selenium-edge-driver\3.11.0\selenium-edge-driver-3.11.0.jar;C:\Users\ybhatt\.m2\repository\org\seleniumhq\selenium\selenium-opera-driver\3.11.0\selenium-opera-driver-3.11.0.jar;C:\Users\ybhatt\.m2\repository\org\seleniumhq\selenium\selenium-safari-driver\3.11.0\selenium-safari-driver-3.11.0.jar;C:\Users\ybhatt\.m2\repository\org\testng\testng\6.14.3\testng-6.14.3.jar;C:\Users\ybhatt\.m2\repository\com\beust\jcommander\1.72\jcommander-1.72.jar;C:\Users\ybhatt\.m2\repository\org\apache-extras\beanshell\bsh\2.0b6\bsh-2.0b6.jar;C:\Users\ybhatt\.m2\repository\log4j\log4j\1.2.17\log4j-1.2.17.jar;C:\Users\ybhatt\.m2\repository\commons-io\commons-io\2.6\commons-io-2.6.jar;C:\Users\ybhatt\.m2\repository\org\apache\poi\poi\3.15\poi-3.15.jar;C:\Users\ybhatt\.m2\repository\org\apache\poi\poi-ooxml\3.15\poi-ooxml-3.15.jar;C:\Users\ybhatt\.m2\repository\com\github\virtuald\curvesapi\1.04\curvesapi-1.04.jar;C:\Users\ybhatt\.m2\repository\org\apache\poi\poi-ooxml-schemas\3.15\poi-ooxml-schemas-3.15.jar;C:\Users\ybhatt\.m2\repository\org\apache\xmlbeans\xmlbeans\2.6.0\xmlbeans-2.6.0.jar;C:\Users\ybhatt\.m2\repository\stax\stax-api\1.0.1\stax-api-1.0.1.jar;C:\Users\ybhatt\.m2\repository\org\apache\poi\poi-scratchpad\3.15\poi-scratchpad-3.15.jar;C:\Users\ybhatt\.m2\repository\org\apache\poi\ooxml-schemas\1.1\ooxml-schemas-1.1.jar;C:\Users\ybhatt\.m2\repository\org\apache\poi\openxml4j\1.0-beta\openxml4j-1.0-beta.jar;C:\Users\ybhatt\.m2\repository\dom4j\dom4j\1.6.1\dom4j-1.6.1.jar;C:\Users\ybhatt\.m2\repository\xml-apis\xml-apis\1.0.b2\xml-apis-1.0.b2.jar;C:\Users\ybhatt\.m2\repository\com\aventstack\extentreports\3.1.5\extentreports-3.1.5.jar;C:\Users\ybhatt\.m2\repository\org\freemarker\freemarker\2.3.23\freemarker-2.3.23.jar;C:\Users\ybhatt\.m2\repository\org\mongodb\mongodb-driver\3.3.0\mongodb-driver-3.3.0.jar;C:\Users\ybhatt\.m2\repository\org\mongodb\bson\3.3.0\bson-3.3.0.jar;C:\Users\ybhatt\.m2\repository\org\mongodb\mongodb-driver-core\3.3.0\mongodb-driver-core-3.3.0.jar;C:\Users\ybhatt\.m2\repository\org\apache\httpcomponents\httpmime\4.5.2\httpmime-4.5.2.jar;C:\Users\ybhatt\.m2\repository\org\jsoup\jsoup\1.9.2\jsoup-1.9.2.jar;C:\Users\ybhatt\.m2\repository\junit\junit-dep\4.8.2\junit-dep-4.8.2.jar;C:\Users\ybhatt\.m2\repository\org\apache\commons\commons-collections4\4.2\commons-collections4-4.2.jar;C:\Users\ybhatt\.m2\repository\org\apache\maven\surefire\surefire-testng-utils\2.22.0\surefire-testng-utils-2.22.0.jar;C:\Users\ybhatt\.m2\repository\org\apache\maven\surefire\surefire-grouper\2.22.0\surefire-grouper-2.22.0.jar;"/>
    <property name="java.vm.vendor" value="Oracle Corporation"/>
    <property name="sun.arch.data.model" value="64"/>
    <property name="user.variant" value=""/>
    <property name="java.vendor.url" value="http://java.oracle.com/"/>
    <property name="user.timezone" value="Asia/Calcutta"/>
    <property name="java.vm.specification.version" value="11"/>
    <property name="os.name" value="Windows 10"/>
    <property name="sun.java.launcher" value="SUN_STANDARD"/>
    <property name="user.country" value="IN"/>
    <property name="sun.boot.library.path" value="C:\Program Files\OpenJDK11\bin"/>
    <property name="sun.java.command" value="C:\Users\ybhatt\AppData\Local\Temp\surefire2011625036150982643\surefirebooter12026567872625143357.jar C:\Users\ybhatt\AppData\Local\Temp\surefire2011625036150982643 2021-01-18T14-36-59_507-jvmRun1 surefire3925576418482286348tmp surefire_015756301751102774206tmp"/>
    <property name="jdk.debug" value="release"/>
    <property name="surefire.test.class.path" value="C:\westwing\WestWing_Test_Exercise\target\test-classes;C:\westwing\WestWing_Test_Exercise\target\classes;C:\Users\ybhatt\.m2\repository\io\appium\java-client\6.1.0\java-client-6.1.0.jar;C:\Users\ybhatt\.m2\repository\org\seleniumhq\selenium\selenium-support\3.12.0\selenium-support-3.12.0.jar;C:\Users\ybhatt\.m2\repository\org\seleniumhq\selenium\selenium-api\3.12.0\selenium-api-3.12.0.jar;C:\Users\ybhatt\.m2\repository\com\google\code\gson\gson\2.8.4\gson-2.8.4.jar;C:\Users\ybhatt\.m2\repository\org\apache\httpcomponents\httpclient\4.5.5\httpclient-4.5.5.jar;C:\Users\ybhatt\.m2\repository\cglib\cglib\3.2.6\cglib-3.2.6.jar;C:\Users\ybhatt\.m2\repository\org\ow2\asm\asm\6.0\asm-6.0.jar;C:\Users\ybhatt\.m2\repository\org\apache\ant\ant\1.9.6\ant-1.9.6.jar;C:\Users\ybhatt\.m2\repository\org\apache\ant\ant-launcher\1.9.6\ant-launcher-1.9.6.jar;C:\Users\ybhatt\.m2\repository\commons-validator\commons-validator\1.6\commons-validator-1.6.jar;C:\Users\ybhatt\.m2\repository\commons-beanutils\commons-beanutils\1.9.2\commons-beanutils-1.9.2.jar;C:\Users\ybhatt\.m2\repository\commons-digester\commons-digester\1.8.1\commons-digester-1.8.1.jar;C:\Users\ybhatt\.m2\repository\commons-collections\commons-collections\3.2.2\commons-collections-3.2.2.jar;C:\Users\ybhatt\.m2\repository\org\apache\commons\commons-lang3\3.7\commons-lang3-3.7.jar;C:\Users\ybhatt\.m2\repository\org\springframework\spring-context\5.0.5.RELEASE\spring-context-5.0.5.RELEASE.jar;C:\Users\ybhatt\.m2\repository\org\springframework\spring-aop\5.0.5.RELEASE\spring-aop-5.0.5.RELEASE.jar;C:\Users\ybhatt\.m2\repository\org\springframework\spring-beans\5.0.5.RELEASE\spring-beans-5.0.5.RELEASE.jar;C:\Users\ybhatt\.m2\repository\org\springframework\spring-core\5.0.5.RELEASE\spring-core-5.0.5.RELEASE.jar;C:\Users\ybhatt\.m2\repository\org\springframework\spring-jcl\5.0.5.RELEASE\spring-jcl-5.0.5.RELEASE.jar;C:\Users\ybhatt\.m2\repository\org\springframework\spring-expression\5.0.5.RELEASE\spring-expression-5.0.5.RELEASE.jar;C:\Users\ybhatt\.m2\repository\org\aspectj\aspectjweaver\1.9.1\aspectjweaver-1.9.1.jar;C:\Users\ybhatt\.m2\repository\org\openpnp\opencv\3.2.0-1\opencv-3.2.0-1.jar;C:\Users\ybhatt\.m2\repository\ru\yandex\qatools\ashot\ashot\1.5.4\ashot-1.5.4.jar;C:\Users\ybhatt\.m2\repository\org\hamcrest\hamcrest-core\1.3\hamcrest-core-1.3.jar;C:\Users\ybhatt\.m2\repository\org\seleniumhq\selenium\selenium-remote-driver\3.11.0\selenium-remote-driver-3.11.0.jar;C:\Users\ybhatt\.m2\repository\net\bytebuddy\byte-buddy\1.7.9\byte-buddy-1.7.9.jar;C:\Users\ybhatt\.m2\repository\org\apache\commons\commons-exec\1.3\commons-exec-1.3.jar;C:\Users\ybhatt\.m2\repository\commons-codec\commons-codec\1.10\commons-codec-1.10.jar;C:\Users\ybhatt\.m2\repository\commons-logging\commons-logging\1.2\commons-logging-1.2.jar;C:\Users\ybhatt\.m2\repository\com\google\guava\guava\23.6-jre\guava-23.6-jre.jar;C:\Users\ybhatt\.m2\repository\com\google\code\findbugs\jsr305\1.3.9\jsr305-1.3.9.jar;C:\Users\ybhatt\.m2\repository\org\checkerframework\checker-compat-qual\2.0.0\checker-compat-qual-2.0.0.jar;C:\Users\ybhatt\.m2\repository\com\google\errorprone\error_prone_annotations\2.1.3\error_prone_annotations-2.1.3.jar;C:\Users\ybhatt\.m2\repository\com\google\j2objc\j2objc-annotations\1.1\j2objc-annotations-1.1.jar;C:\Users\ybhatt\.m2\repository\org\codehaus\mojo\animal-sniffer-annotations\1.14\animal-sniffer-annotations-1.14.jar;C:\Users\ybhatt\.m2\repository\org\apache\httpcomponents\httpcore\4.4.6\httpcore-4.4.6.jar;C:\Users\ybhatt\.m2\repository\com\squareup\okhttp3\okhttp\3.9.1\okhttp-3.9.1.jar;C:\Users\ybhatt\.m2\repository\com\squareup\okio\okio\1.13.0\okio-1.13.0.jar;C:\Users\ybhatt\.m2\repository\org\seleniumhq\selenium\selenium-chrome-driver\3.11.0\selenium-chrome-driver-3.11.0.jar;C:\Users\ybhatt\.m2\repository\org\seleniumhq\selenium\selenium\2.0a5\selenium-2.0a5.jar;C:\Users\ybhatt\.m2\repository\org\seleniumhq\selenium\selenium-htmlunit-driver\2.0a5\selenium-htmlunit-driver-2.0a5.jar;C:\Users\ybhatt\.m2\repository\org\seleniumhq\selenium\selenium-common\2.0a5\selenium-common-2.0a5.jar;C:\Users\ybhatt\.m2\repository\net\sourceforge\htmlunit\htmlunit\2.7\htmlunit-2.7.jar;C:\Users\ybhatt\.m2\repository\xalan\xalan\2.7.1\xalan-2.7.1.jar;C:\Users\ybhatt\.m2\repository\xalan\serializer\2.7.1\serializer-2.7.1.jar;C:\Users\ybhatt\.m2\repository\commons-lang\commons-lang\2.4\commons-lang-2.4.jar;C:\Users\ybhatt\.m2\repository\commons-httpclient\commons-httpclient\3.1\commons-httpclient-3.1.jar;C:\Users\ybhatt\.m2\repository\net\sourceforge\htmlunit\htmlunit-core-js\2.7\htmlunit-core-js-2.7.jar;C:\Users\ybhatt\.m2\repository\xerces\xercesImpl\2.9.1\xercesImpl-2.9.1.jar;C:\Users\ybhatt\.m2\repository\net\sourceforge\nekohtml\nekohtml\1.9.14\nekohtml-1.9.14.jar;C:\Users\ybhatt\.m2\repository\net\sourceforge\cssparser\cssparser\0.9.5\cssparser-0.9.5.jar;C:\Users\ybhatt\.m2\repository\org\w3c\css\sac\1.3\sac-1.3.jar;C:\Users\ybhatt\.m2\repository\org\seleniumhq\selenium\selenium-firefox-driver\2.0a5\selenium-firefox-driver-2.0a5.jar;C:\Users\ybhatt\.m2\repository\org\seleniumhq\selenium\selenium-remote-client\2.0a5\selenium-remote-client-2.0a5.jar;C:\Users\ybhatt\.m2\repository\org\seleniumhq\selenium\selenium-remote-common\2.0a5\selenium-remote-common-2.0a5.jar;C:\Users\ybhatt\.m2\repository\org\json\json\20080701\json-20080701.jar;C:\Users\ybhatt\.m2\repository\com\google\collections\google-collections\1.0\google-collections-1.0.jar;C:\Users\ybhatt\.m2\repository\org\seleniumhq\selenium\selenium-ie-driver\2.0a5\selenium-ie-driver-2.0a5.jar;C:\Users\ybhatt\.m2\repository\net\java\dev\jna\jna\3.2.2\jna-3.2.2.jar;C:\Users\ybhatt\.m2\repository\org\seleniumhq\selenium\selenium-java\3.11.0\selenium-java-3.11.0.jar;C:\Users\ybhatt\.m2\repository\org\seleniumhq\selenium\selenium-edge-driver\3.11.0\selenium-edge-driver-3.11.0.jar;C:\Users\ybhatt\.m2\repository\org\seleniumhq\selenium\selenium-opera-driver\3.11.0\selenium-opera-driver-3.11.0.jar;C:\Users\ybhatt\.m2\repository\org\seleniumhq\selenium\selenium-safari-driver\3.11.0\selenium-safari-driver-3.11.0.jar;C:\Users\ybhatt\.m2\repository\org\testng\testng\6.14.3\testng-6.14.3.jar;C:\Users\ybhatt\.m2\repository\com\beust\jcommander\1.72\jcommander-1.72.jar;C:\Users\ybhatt\.m2\repository\org\apache-extras\beanshell\bsh\2.0b6\bsh-2.0b6.jar;C:\Users\ybhatt\.m2\repository\log4j\log4j\1.2.17\log4j-1.2.17.jar;C:\Users\ybhatt\.m2\repository\commons-io\commons-io\2.6\commons-io-2.6.jar;C:\Users\ybhatt\.m2\repository\org\apache\poi\poi\3.15\poi-3.15.jar;C:\Users\ybhatt\.m2\repository\org\apache\poi\poi-ooxml\3.15\poi-ooxml-3.15.jar;C:\Users\ybhatt\.m2\repository\com\github\virtuald\curvesapi\1.04\curvesapi-1.04.jar;C:\Users\ybhatt\.m2\repository\org\apache\poi\poi-ooxml-schemas\3.15\poi-ooxml-schemas-3.15.jar;C:\Users\ybhatt\.m2\repository\org\apache\xmlbeans\xmlbeans\2.6.0\xmlbeans-2.6.0.jar;C:\Users\ybhatt\.m2\repository\stax\stax-api\1.0.1\stax-api-1.0.1.jar;C:\Users\ybhatt\.m2\repository\org\apache\poi\poi-scratchpad\3.15\poi-scratchpad-3.15.jar;C:\Users\ybhatt\.m2\repository\org\apache\poi\ooxml-schemas\1.1\ooxml-schemas-1.1.jar;C:\Users\ybhatt\.m2\repository\org\apache\poi\openxml4j\1.0-beta\openxml4j-1.0-beta.jar;C:\Users\ybhatt\.m2\repository\dom4j\dom4j\1.6.1\dom4j-1.6.1.jar;C:\Users\ybhatt\.m2\repository\xml-apis\xml-apis\1.0.b2\xml-apis-1.0.b2.jar;C:\Users\ybhatt\.m2\repository\com\aventstack\extentreports\3.1.5\extentreports-3.1.5.jar;C:\Users\ybhatt\.m2\repository\org\freemarker\freemarker\2.3.23\freemarker-2.3.23.jar;C:\Users\ybhatt\.m2\repository\org\mongodb\mongodb-driver\3.3.0\mongodb-driver-3.3.0.jar;C:\Users\ybhatt\.m2\repository\org\mongodb\bson\3.3.0\bson-3.3.0.jar;C:\Users\ybhatt\.m2\repository\org\mongodb\mongodb-driver-core\3.3.0\mongodb-driver-core-3.3.0.jar;C:\Users\ybhatt\.m2\repository\org\apache\httpcomponents\httpmime\4.5.2\httpmime-4.5.2.jar;C:\Users\ybhatt\.m2\repository\org\jsoup\jsoup\1.9.2\jsoup-1.9.2.jar;C:\Users\ybhatt\.m2\repository\junit\junit-dep\4.8.2\junit-dep-4.8.2.jar;C:\Users\ybhatt\.m2\repository\org\apache\commons\commons-collections4\4.2\commons-collections4-4.2.jar;C:\Users\ybhatt\.m2\repository\org\apache\maven\surefire\surefire-testng-utils\2.22.0\surefire-testng-utils-2.22.0.jar;C:\Users\ybhatt\.m2\repository\org\apache\maven\surefire\surefire-grouper\2.22.0\surefire-grouper-2.22.0.jar;"/>
    <property name="sun.cpu.endian" value="little"/>
    <property name="user.home" value="C:\Users\ybhatt"/>
    <property name="user.language" value="en"/>
    <property name="java.specification.vendor" value="Oracle Corporation"/>
    <property name="java.version.date" value="2019-01-15"/>
    <property name="java.home" value="C:\Program Files\OpenJDK11"/>
    <property name="file.separator" value="\"/>
    <property name="basedir" value="C:\westwing\WestWing_Test_Exercise"/>
    <property name="java.vm.compressedOopsMode" value="32-bit"/>
    <property name="line.separator" value="&#10;"/>
    <property name="java.specification.name" value="Java Platform API Specification"/>
    <property name="java.vm.specification.vendor" value="Oracle Corporation"/>
    <property name="java.awt.graphicsenv" value="sun.awt.Win32GraphicsEnvironment"/>
    <property name="surefire.real.class.path" value="C:\Users\ybhatt\AppData\Local\Temp\surefire2011625036150982643\surefirebooter12026567872625143357.jar"/>
    <property name="user.script" value=""/>
    <property name="sun.management.compiler" value="HotSpot 64-Bit Tiered Compilers"/>
    <property name="java.runtime.version" value="11.0.2+9"/>
    <property name="user.name" value="ybhatt"/>
    <property name="path.separator" value=";"/>
    <property name="os.version" value="10.0"/>
    <property name="java.runtime.name" value="OpenJDK Runtime Environment"/>
    <property name="file.encoding" value="Cp1252"/>
    <property name="java.vm.name" value="OpenJDK 64-Bit Server VM"/>
    <property name="java.vendor.version" value="18.9"/>
    <property name="localRepository" value="C:\Users\ybhatt\.m2\repository"/>
    <property name="java.vendor.url.bug" value="http://bugreport.java.com/bugreport/"/>
    <property name="java.io.tmpdir" value="C:\Users\ybhatt\AppData\Local\Temp\"/>
    <property name="java.version" value="11.0.2"/>
    <property name="user.dir" value="C:\westwing\WestWing_Test_Exercise"/>
    <property name="os.arch" value="amd64"/>
    <property name="java.vm.specification.name" value="Java Virtual Machine Specification"/>
    <property name="java.awt.printerjob" value="sun.awt.windows.WPrinterJob"/>
    <property name="sun.os.patch.level" value=""/>
    <property name="java.library.path" value="C:\Program Files\OpenJDK11\bin;C:\WINDOWS\Sun\Java\bin;C:\WINDOWS\system32;C:\WINDOWS;C:/Java/jdk1.8.0_191/bin/../jre/bin/server;C:/Java/jdk1.8.0_191/bin/../jre/bin;C:/Java/jdk1.8.0_191/bin/../jre/lib/amd64;C:\WINDOWS\system32;C:\WINDOWS;C:\WINDOWS\System32\Wbem;C:\WINDOWS\System32\WindowsPowerShell\v1.0\;C:\WINDOWS\System32\OpenSSH\;C:\Java\jdk1.8.0_191\bin\;C:\Program Files\Intel\WiFi\bin\;C:\Program Files\Common Files\Intel\WirelessCommon\;C:\Program Files\nodejs\;C:\Program Files\Git\cmd;C:\Users\ybhatt\AppData\Local\Android\Sdk\build-tools;C:\Users\ybhatt\AppData\Local\Android\Sdk\platform-tools;C:\Users\ybhatt\AppData\Local\Android\Sdk\tools;C:\Users\ybhatt\AppData\Local\Microsoft\WindowsApps;C:\Users\ybhatt\AppData\Roaming\npm;C:\Users\ybhatt\AppData\Local\Programs\Microsoft VS Code\bin;C:\Program Files\MongoDB\Server\4.2\bin;C:\Java\jdk1.8.0_191\bin\;;C:\Users\ybhatt\Desktop;;."/>
    <property name="java.vendor" value="Oracle Corporation"/>
    <property name="java.vm.info" value="mixed mode"/>
    <property name="java.vm.version" value="11.0.2+9"/>
    <property name="sun.io.unicode.encoding" value="UnicodeLittle"/>
    <property name="java.class.version" value="55.0"/>
  </properties>
  <testcase name="VerifyLooksListingPageandDetailPage" classname="com.Westwingnow_Web.testcases.DriverScript" time="56.021"/>
  <testcase name="VerifyWishListFunctionality" classname="com.Westwingnow_Web.testcases.DriverScript" time="41.983"/>
</testsuite>