<?xml version="1.0" encoding="UTF-8"?>
<!-- Generated by org.testng.reporters.JUnitReportReporter -->
<testsuite hostname="LIN51004651" failures="0" tests="2" name="com.Westwingnow_Web.testcases.DriverScript" time="101.428" errors="0" timestamp="18 Jan 2021 09:08:46 GMT" skipped="0">
  <testcase classname="com.Westwingnow_Web.testcases.DriverScript" name="VerifyLooksListingPageandDetailPage" time="56.032"/>
  <testcase classname="com.Westwingnow_Web.testcases.DriverScript" name="VerifyWishListFunctionality" time="45.396"/>
</testsuite> <!-- com.Westwingnow_Web.testcases.DriverScript -->
